0 info it worked if it ends with ok
1 verbose cli [ 'd:\\Program Files\\nodejs\\node.exe',
1 verbose cli   'C:\\Users\\pengteling\\AppData\\Roaming\\npm\\node_modules\\npm\\bin\\npm-cli.js',
1 verbose cli   'i',
1 verbose cli   'vue-simple-mplayer',
1 verbose cli   '--save' ]
2 info using npm@3.10.3
3 info using node@v6.10.1
4 silly loadCurrentTree Starting
5 silly install loadCurrentTree
6 silly install readLocalPackageData
7 silly fetchPackageMetaData vue-simple-mplayer
8 silly fetchNamedPackageData vue-simple-mplayer
9 silly mapToRegistry name vue-simple-mplayer
10 silly mapToRegistry using default registry
11 silly mapToRegistry registry https://registry.npmjs.org/
12 silly mapToRegistry data Result {
12 silly mapToRegistry   raw: 'vue-simple-mplayer',
12 silly mapToRegistry   scope: null,
12 silly mapToRegistry   escapedName: 'vue-simple-mplayer',
12 silly mapToRegistry   name: 'vue-simple-mplayer',
12 silly mapToRegistry   rawSpec: '',
12 silly mapToRegistry   spec: 'latest',
12 silly mapToRegistry   type: 'tag' }
13 silly mapToRegistry uri https://registry.npmjs.org/vue-simple-mplayer
14 verbose request uri https://registry.npmjs.org/vue-simple-mplayer
15 verbose request no auth needed
16 info attempt registry request try #1 at 13:15:57
17 verbose request using bearer token for auth
18 verbose request id 26d04b59d93cc79f
19 http request GET https://registry.npmjs.org/vue-simple-mplayer
20 http 200 https://registry.npmjs.org/vue-simple-mplayer
21 verbose headers { 'content-type': 'application/json; charset=UTF-8',
21 verbose headers   server: 'UploadServer',
21 verbose headers   'cache-control': 'max-age=300',
21 verbose headers   'last-modified': 'Fri, 2 Feb 2018 5:15:21 GMT',
21 verbose headers   etag: '"5a73f3e9-9cb"',
21 verbose headers   'content-encoding': 'gzip',
21 verbose headers   'content-length': '986',
21 verbose headers   'accept-ranges': 'bytes',
21 verbose headers   date: 'Fri, 02 Feb 2018 05:15:58 GMT',
21 verbose headers   via: '1.1 varnish',
21 verbose headers   age: '0',
21 verbose headers   connection: 'keep-alive',
21 verbose headers   'x-served-by': 'cache-hnd18745-HND',
21 verbose headers   'x-cache': 'MISS',
21 verbose headers   'x-cache-hits': '0',
21 verbose headers   'x-timer': 'S1517548558.197846,VS0,VE223',
21 verbose headers   vary: 'Accept-Encoding, Accept' }
22 silly get cb [ 200,
22 silly get   { 'content-type': 'application/json; charset=UTF-8',
22 silly get     server: 'UploadServer',
22 silly get     'cache-control': 'max-age=300',
22 silly get     'last-modified': 'Fri, 2 Feb 2018 5:15:21 GMT',
22 silly get     etag: '"5a73f3e9-9cb"',
22 silly get     'content-encoding': 'gzip',
22 silly get     'content-length': '986',
22 silly get     'accept-ranges': 'bytes',
22 silly get     date: 'Fri, 02 Feb 2018 05:15:58 GMT',
22 silly get     via: '1.1 varnish',
22 silly get     age: '0',
22 silly get     connection: 'keep-alive',
22 silly get     'x-served-by': 'cache-hnd18745-HND',
22 silly get     'x-cache': 'MISS',
22 silly get     'x-cache-hits': '0',
22 silly get     'x-timer': 'S1517548558.197846,VS0,VE223',
22 silly get     vary: 'Accept-Encoding, Accept' } ]
23 verbose get saving vue-simple-mplayer to C:\Users\pengteling\AppData\Roaming\npm-cache\registry.npmjs.org\vue-simple-mplayer\.cache.json
24 verbose correctMkdir C:\Users\pengteling\AppData\Roaming\npm-cache correctMkdir not in flight; initializing
25 silly install normalizeTree
26 silly loadCurrentTree Finishing
27 silly loadIdealTree Starting
28 silly install loadIdealTree
29 silly cloneCurrentTree Starting
30 silly install cloneCurrentTreeToIdealTree
31 silly cloneCurrentTree Finishing
32 silly loadShrinkwrap Starting
33 silly install loadShrinkwrap
34 silly loadShrinkwrap Finishing
35 silly loadAllDepsIntoIdealTree Starting
36 silly install loadAllDepsIntoIdealTree
37 silly rollbackFailedOptional Starting
38 silly rollbackFailedOptional Finishing
39 silly runTopLevelLifecycles Starting
40 silly runTopLevelLifecycles Finishing
41 silly install printInstalled
42 verbose stack Error: Refusing to install vue-simple-mplayer as a dependency of itself
42 verbose stack     at checkSelf (C:\Users\pengteling\AppData\Roaming\npm\node_modules\npm\lib\install\validate-args.js:53:14)
42 verbose stack     at Array.<anonymous> (C:\Users\pengteling\AppData\Roaming\npm\node_modules\npm\node_modules\slide\lib\bind-actor.js:15:8)
42 verbose stack     at LOOP (C:\Users\pengteling\AppData\Roaming\npm\node_modules\npm\node_modules\slide\lib\chain.js:15:14)
42 verbose stack     at chain (C:\Users\pengteling\AppData\Roaming\npm\node_modules\npm\node_modules\slide\lib\chain.js:20:5)
42 verbose stack     at C:\Users\pengteling\AppData\Roaming\npm\node_modules\npm\lib\install\validate-args.js:16:5
42 verbose stack     at C:\Users\pengteling\AppData\Roaming\npm\node_modules\npm\node_modules\slide\lib\async-map.js:52:35
42 verbose stack     at Array.forEach (native)
42 verbose stack     at C:\Users\pengteling\AppData\Roaming\npm\node_modules\npm\node_modules\slide\lib\async-map.js:52:11
42 verbose stack     at Array.forEach (native)
42 verbose stack     at asyncMap (C:\Users\pengteling\AppData\Roaming\npm\node_modules\npm\node_modules\slide\lib\async-map.js:51:8)
43 verbose cwd a:\备课\云盘\303_VueJS\vue-simple-mplayer
44 error Windows_NT 10.0.16299
45 error argv "d:\\Program Files\\nodejs\\node.exe" "C:\\Users\\pengteling\\AppData\\Roaming\\npm\\node_modules\\npm\\bin\\npm-cli.js" "i" "vue-simple-mplayer" "--save"
46 error node v6.10.1
47 error npm  v3.10.3
48 error code ENOSELF
49 error Refusing to install vue-simple-mplayer as a dependency of itself
50 error If you need help, you may report this error at:
50 error     <https://github.com/npm/npm/issues>
51 verbose exit [ 1, true ]
